
Showing logs for build [32mcb-kubecd-environment-pr-177-93-5vs4c-1[0m stage [32mfrom-build-pack[0m and container [32mstep-credential-initializer-4w4zm[0m
{"level":"warn","ts":1583713731.495945,"logger":"fallback-logger","caller":"logging/config.go:69","msg":"Fetch GitHub commit ID from kodata failed: \"ref: refs/heads/0.8.0-**-support-backwards-incompats\" is not a valid GitHub commit ID"}
{"level":"info","ts":1583713731.4965298,"logger":"fallback-logger","caller":"creds-init/main.go:40","msg":"Credentials initialized."}

Showing logs for build [32mcb-kubecd-environment-pr-177-93-5vs4c-1[0m stage [32mfrom-build-pack[0m and container [32mstep-working-dir-initializer-tktw7[0m
{"level":"warn","ts":1583713732.515925,"logger":"fallback-logger","caller":"logging/config.go:69","msg":"Fetch GitHub commit ID from kodata failed: open /var/run/ko/HEAD: no such file or directory"}
{"level":"info","ts":1583713732.5242145,"logger":"fallback-logger","caller":"bash/main.go:64","msg":"Successfully executed command \"sh -c mkdir -p /workspace/source\"; output "}

Showing logs for build [32mcb-kubecd-environment-pr-177-93-5vs4c-1[0m stage [32mfrom-build-pack[0m and container [32mstep-place-tools[0m

Showing logs for build [32mcb-kubecd-environment-pr-177-93-5vs4c-1[0m stage [32mfrom-build-pack[0m and container [32mstep-git-source-cb-kubecd-environment-pr-177-93-5vs4c-5qfmv[0m
{"level":"warn","ts":1583713738.1799536,"logger":"fallback-logger","caller":"logging/config.go:69","msg":"Fetch GitHub commit ID from kodata failed: \"ref: refs/heads/0.8.0-**-support-backwards-incompats\" is not a valid GitHub commit ID"}
{"level":"info","ts":1583713739.21891,"logger":"fallback-logger","caller":"git/git.go:103","msg":"Successfully cloned https://github.com/cb-kubecd/environment-pr-177-93-boot-gke-staging.git @ master in path /workspace/source"}

Showing logs for build [32mcb-kubecd-environment-pr-177-93-5vs4c-1[0m stage [32mfrom-build-pack[0m and container [32mstep-git-merge[0m
Using SHAs from PULL_REFS=master:fd7b4d8ede56cb764bca2c9fce7eb27514db12dd,1:c48889dbe2eed2bce7307901615fb2560bf18ce9
DEBUG: LC_ALL=C JX_LOG_LEVEL=error git fetch origin --unshallow c48889dbe2eed2bce7307901615fb2560bf18ce9: fd7b4d8ede56cb764bca2c9fce7eb27514db12dd:
DEBUG: ran git fetch --unshallow origin c48889dbe2eed2bce7307901615fb2560bf18ce9: fd7b4d8ede56cb764bca2c9fce7eb27514db12dd: in 
DEBUG: LC_ALL=C JX_LOG_LEVEL=error git branch
DEBUG: JX_LOG_LEVEL=error LC_ALL=C git checkout master
DEBUG: ran git checkout master in 
DEBUG: LC_ALL=C JX_LOG_LEVEL=error git reset --hard fd7b4d8ede56cb764bca2c9fce7eb27514db12dd
DEBUG: ran git reset --hard fd7b4d8ede56cb764bca2c9fce7eb27514db12dd in 
DEBUG: JX_LOG_LEVEL=error LC_ALL=C git clean -fd .
DEBUG: ran clean --force -d . in 
DEBUG: LC_ALL=C JX_LOG_LEVEL=error git merge c48889dbe2eed2bce7307901615fb2560bf18ce9
DEBUG: ran git merge c48889dbe2eed2bce7307901615fb2560bf18ce9 in 
DEBUG: LC_ALL=C JX_LOG_LEVEL=error git log --format=%H%x1f%an%x1f%ae%x1f%cn%x1f%ce%x1f%s%n%b%x1e fd7b4d8ede56cb764bca2c9fce7eb27514db12dd..HEAD
Merged SHA c48889dbe2eed2bce7307901615fb2560bf18ce9 with commit message 'chore: Promote bdd-spring-1583713451 to version 0.0.1' into base branch master

Showing logs for build [32mcb-kubecd-environment-pr-177-93-5vs4c-1[0m stage [32mfrom-build-pack[0m and container [32mstep-build-helm-build[0m
WARNING: No $CHART_REPOSITORY defined so using the default value of: http://jenkins-x-chartmuseum:8080
Adding missing Helm repo: storage.googleapis.com https://storage.googleapis.com/chartmuseum.jenkins-x.io
WARNING: No secrets found on "helm/repos" due: reading the secret "helm/repos" from vault: no secret "helm/repos" not found in vault
Read credentials for https://storage.googleapis.com/chartmuseum.jenkins-x.io from vault helm/repos
Successfully added Helm repository storage.googleapis.com.
Adding missing Helm repo: jenkins-x-chartmuseum http://jenkins-x-chartmuseum:8080
WARNING: No secrets found on "helm/repos" due: reading the secret "helm/repos" from vault: no secret "helm/repos" not found in vault
Read credentials for http://jenkins-x-chartmuseum:8080 from vault helm/repos
Successfully added Helm repository jenkins-x-chartmuseum.
WARNING: No $CHART_REPOSITORY defined so using the default value of: http://jenkins-x-chartmuseum:8080
Adding missing Helm repo: chartmuseum.jenkins-x.io http://chartmuseum.jenkins-x.io
WARNING: No secrets found on "helm/repos" due: reading the secret "helm/repos" from vault: no secret "helm/repos" not found in vault
Read credentials for http://chartmuseum.jenkins-x.io from vault helm/repos
Successfully added Helm repository chartmuseum.jenkins-x.io.
