
Showing logs for build [32mcb-kubecd-environment-pr-177-93-sbjfr-1[0m stage [32mfrom-build-pack[0m and container [32mstep-credential-initializer-khw5g[0m
{"level":"warn","ts":1583715438.9929512,"logger":"fallback-logger","caller":"logging/config.go:69","msg":"Fetch GitHub commit ID from kodata failed: \"ref: refs/heads/0.8.0-**-support-backwards-incompats\" is not a valid GitHub commit ID"}
{"level":"info","ts":1583715438.994082,"logger":"fallback-logger","caller":"creds-init/main.go:40","msg":"Credentials initialized."}

Showing logs for build [32mcb-kubecd-environment-pr-177-93-sbjfr-1[0m stage [32mfrom-build-pack[0m and container [32mstep-working-dir-initializer-fznwf[0m
{"level":"warn","ts":1583715439.4069476,"logger":"fallback-logger","caller":"logging/config.go:69","msg":"Fetch GitHub commit ID from kodata failed: open /var/run/ko/HEAD: no such file or directory"}
{"level":"info","ts":1583715439.4080052,"logger":"fallback-logger","caller":"bash/main.go:64","msg":"Successfully executed command \"sh -c mkdir -p /workspace/source\"; output "}

Showing logs for build [32mcb-kubecd-environment-pr-177-93-sbjfr-1[0m stage [32mfrom-build-pack[0m and container [32mstep-place-tools[0m

Showing logs for build [32mcb-kubecd-environment-pr-177-93-sbjfr-1[0m stage [32mfrom-build-pack[0m and container [32mstep-git-source-cb-kubecd-environment-pr-177-93-sbjfr-t2bdp[0m
{"level":"warn","ts":1583715444.9514163,"logger":"fallback-logger","caller":"logging/config.go:69","msg":"Fetch GitHub commit ID from kodata failed: \"ref: refs/heads/0.8.0-**-support-backwards-incompats\" is not a valid GitHub commit ID"}
{"level":"info","ts":1583715446.1647954,"logger":"fallback-logger","caller":"git/git.go:103","msg":"Successfully cloned https://github.com/cb-kubecd/environment-pr-177-93-boot-gke-staging.git @ master in path /workspace/source"}

Showing logs for build [32mcb-kubecd-environment-pr-177-93-sbjfr-1[0m stage [32mfrom-build-pack[0m and container [32mstep-git-merge[0m
Using SHAs from PULL_REFS=master:3d6c6a09facbc22eb979cc158b6e7482e5a52527,3:7068bda5fae053b2af866befcfbd10739414790b
DEBUG: JX_LOG_LEVEL=error LC_ALL=C git fetch origin --unshallow 7068bda5fae053b2af866befcfbd10739414790b: 3d6c6a09facbc22eb979cc158b6e7482e5a52527:
DEBUG: ran git fetch --unshallow origin 7068bda5fae053b2af866befcfbd10739414790b: 3d6c6a09facbc22eb979cc158b6e7482e5a52527: in 
DEBUG: LC_ALL=C JX_LOG_LEVEL=error git branch
DEBUG: JX_LOG_LEVEL=error LC_ALL=C git checkout master
DEBUG: ran git checkout master in 
DEBUG: LC_ALL=C JX_LOG_LEVEL=error git reset --hard 3d6c6a09facbc22eb979cc158b6e7482e5a52527
DEBUG: ran git reset --hard 3d6c6a09facbc22eb979cc158b6e7482e5a52527 in 
DEBUG: LC_ALL=C JX_LOG_LEVEL=error git clean -fd .
DEBUG: ran clean --force -d . in 
DEBUG: LC_ALL=C JX_LOG_LEVEL=error git merge 7068bda5fae053b2af866befcfbd10739414790b
DEBUG: ran git merge 7068bda5fae053b2af866befcfbd10739414790b in 
DEBUG: LC_ALL=C JX_LOG_LEVEL=error git log --format=%H%x1f%an%x1f%ae%x1f%cn%x1f%ce%x1f%s%n%b%x1e 3d6c6a09facbc22eb979cc158b6e7482e5a52527..HEAD
Merged SHA 7068bda5fae053b2af866befcfbd10739414790b with commit message 'chore: Promote bdd-sbhg-1583714487 to version 0.0.1' into base branch master

Showing logs for build [32mcb-kubecd-environment-pr-177-93-sbjfr-1[0m stage [32mfrom-build-pack[0m and container [32mstep-build-helm-build[0m
WARNING: No $CHART_REPOSITORY defined so using the default value of: http://jenkins-x-chartmuseum:8080
Adding missing Helm repo: storage.googleapis.com https://storage.googleapis.com/chartmuseum.jenkins-x.io
WARNING: No secrets found on "helm/repos" due: reading the secret "helm/repos" from vault: no secret "helm/repos" not found in vault
Read credentials for https://storage.googleapis.com/chartmuseum.jenkins-x.io from vault helm/repos
Successfully added Helm repository storage.googleapis.com.
Adding missing Helm repo: jenkins-x-chartmuseum http://jenkins-x-chartmuseum:8080
WARNING: No secrets found on "helm/repos" due: reading the secret "helm/repos" from vault: no secret "helm/repos" not found in vault
Read credentials for http://jenkins-x-chartmuseum:8080 from vault helm/repos
Successfully added Helm repository jenkins-x-chartmuseum.
WARNING: No $CHART_REPOSITORY defined so using the default value of: http://jenkins-x-chartmuseum:8080
Adding missing Helm repo: chartmuseum.jenkins-x.io http://chartmuseum.jenkins-x.io
WARNING: No secrets found on "helm/repos" due: reading the secret "helm/repos" from vault: no secret "helm/repos" not found in vault
Read credentials for http://chartmuseum.jenkins-x.io from vault helm/repos
Successfully added Helm repository chartmuseum.jenkins-x.io.
